2024-01-15 19:49:00.682 +05:30  INF  Now listening on: https://localhost:7299
2024-01-15 19:49:00.720 +05:30  INF  Now listening on: http://localhost:5244
2024-01-15 19:49:00.723 +05:30  INF  Application started. Press Ctrl+C to shut down.
2024-01-15 19:49:00.724 +05:30  INF  Hosting environment: Development
2024-01-15 19:49:00.724 +05:30  INF  Content root path: D:\Aayush\OnionArchitechtureDemo\API\
2024-01-15 19:49:26.417 +05:30  INF  Request starting HTTP/2 GET https://localhost:7299/swagger/index.html - -
2024-01-15 19:49:26.545 +05:30  INF  Request finished HTTP/2 GET https://localhost:7299/swagger/index.html - - - 200 - text/html;charset=utf-8 130.9066ms
2024-01-15 19:49:26.557 +05:30  INF  Request starting HTTP/2 GET https://localhost:7299/_framework/aspnetcore-browser-refresh.js - -
2024-01-15 19:49:26.557 +05:30  INF  Request starting HTTP/2 GET https://localhost:7299/swagger/swagger-ui.css - -
2024-01-15 19:49:26.564 +05:30  INF  Request finished HTTP/2 GET https://localhost:7299/_framework/aspnetcore-browser-refresh.js - - - 200 12328 application/javascript;+charset=utf-8 7.3190ms
2024-01-15 19:49:26.580 +05:30  INF  Sending file. Request path: '/swagger-ui.css'. Physical path: 'N/A'
2024-01-15 19:49:26.583 +05:30  INF  Request finished HTTP/2 GET https://localhost:7299/swagger/swagger-ui.css - - - 200 144929 text/css 26.3820ms
2024-01-15 19:49:26.764 +05:30  INF  Request starting HTTP/2 GET https://localhost:7299/swagger/v1/swagger.json - -
2024-01-15 19:49:26.785 +05:30  INF  Request starting HTTP/2 GET https://localhost:7299/swagger/favicon-32x32.png - -
2024-01-15 19:49:26.786 +05:30  INF  Sending file. Request path: '/favicon-32x32.png'. Physical path: 'N/A'
2024-01-15 19:49:26.786 +05:30  INF  Request finished HTTP/2 GET https://localhost:7299/swagger/favicon-32x32.png - - - 200 628 image/png 1.2518ms
2024-01-15 19:49:26.915 +05:30  INF  Request finished HTTP/2 GET https://localhost:7299/swagger/v1/swagger.json - - - 200 - application/json;charset=utf-8 151.3601ms
2024-01-15 19:49:28.696 +05:30  INF  Request starting HTTP/2 GET https://localhost:7299/swagger/index.html - -
2024-01-15 19:49:28.697 +05:30  INF  Request finished HTTP/2 GET https://localhost:7299/swagger/index.html - - - 200 - text/html;charset=utf-8 0.9533ms
2024-01-15 19:49:28.714 +05:30  INF  Request starting HTTP/2 GET https://localhost:7299/swagger/swagger-ui.css - -
2024-01-15 19:49:28.720 +05:30  INF  Sending file. Request path: '/swagger-ui.css'. Physical path: 'N/A'
2024-01-15 19:49:28.721 +05:30  INF  Request finished HTTP/2 GET https://localhost:7299/swagger/swagger-ui.css - - - 200 144929 text/css 6.5450ms
2024-01-15 19:49:28.724 +05:30  INF  Request starting HTTP/2 GET https://localhost:7299/_framework/aspnetcore-browser-refresh.js - -
2024-01-15 19:49:28.725 +05:30  INF  Request finished HTTP/2 GET https://localhost:7299/_framework/aspnetcore-browser-refresh.js - - - 200 12328 application/javascript;+charset=utf-8 0.4373ms
2024-01-15 19:49:28.903 +05:30  INF  Request starting HTTP/2 GET https://localhost:7299/swagger/v1/swagger.json - -
2024-01-15 19:49:28.910 +05:30  INF  Request starting HTTP/2 GET https://localhost:7299/swagger/favicon-32x32.png - -
2024-01-15 19:49:28.911 +05:30  INF  Sending file. Request path: '/favicon-32x32.png'. Physical path: 'N/A'
2024-01-15 19:49:28.912 +05:30  INF  Request finished HTTP/2 GET https://localhost:7299/swagger/favicon-32x32.png - - - 200 628 image/png 1.8363ms
2024-01-15 19:49:28.917 +05:30  INF  Request finished HTTP/2 GET https://localhost:7299/swagger/v1/swagger.json - - - 200 - application/json;charset=utf-8 13.7310ms
2024-01-15 19:50:39.804 +05:30  INF  Request starting HTTP/2 POST https://localhost:7299/api/Employee/AddEmployee multipart/form-data;+boundary=----WebKitFormBoundary1ICuBKhdAbed5GCc 7915
2024-01-15 19:50:39.812 +05:30  INF  Executing endpoint 'API.Controllers.EmployeeController.AddEmployee (API)'
2024-01-15 19:50:39.838 +05:30  INF  Route matched with {action = "AddEmployee", controller = "Employee"}. Executing controller action with signature System.String AddEmployee(Service.ViewModels.EmployeeDto, Microsoft.AspNetCore.Http.IFormFile) on controller API.Controllers.EmployeeController (API).
2024-01-15 19:50:41.085 +05:30  INF  Entity Framework Core 6.0.0 initialized 'EmployeeContext' using provider 'Microsoft.EntityFrameworkCore.SqlServer:6.0.0' with options: None
2024-01-15 19:50:41.180 +05:30  INF  Request starting HTTP/2 GET https://localhost:7299/swagger/index.html - -
2024-01-15 19:50:41.182 +05:30  INF  Request finished HTTP/2 GET https://localhost:7299/swagger/index.html - - - 200 - text/html;charset=utf-8 1.4979ms
2024-01-15 19:50:41.184 +05:30  INF  Request starting HTTP/2 GET https://localhost:7299/swagger/index.html - -
2024-01-15 19:50:41.185 +05:30  INF  Request finished HTTP/2 GET https://localhost:7299/swagger/index.html - - - 200 - text/html;charset=utf-8 1.5205ms
2024-01-15 19:50:41.230 +05:30  INF  Request starting HTTP/2 GET https://localhost:7299/swagger/swagger-ui.css - -
2024-01-15 19:50:41.235 +05:30  INF  Sending file. Request path: '/swagger-ui.css'. Physical path: 'N/A'
2024-01-15 19:50:41.236 +05:30  INF  Request finished HTTP/2 GET https://localhost:7299/swagger/swagger-ui.css - - - 200 144929 text/css 5.1356ms
2024-01-15 19:50:41.238 +05:30  INF  Request starting HTTP/2 GET https://localhost:7299/swagger/swagger-ui.css - -
2024-01-15 19:50:41.238 +05:30  INF  Request starting HTTP/2 GET https://localhost:7299/_framework/aspnetcore-browser-refresh.js - -
2024-01-15 19:50:41.238 +05:30  INF  Request finished HTTP/2 GET https://localhost:7299/_framework/aspnetcore-browser-refresh.js - - - 200 12328 application/javascript;+charset=utf-8 0.2052ms
2024-01-15 19:50:41.240 +05:30  INF  Sending file. Request path: '/swagger-ui.css'. Physical path: 'N/A'
2024-01-15 19:50:41.241 +05:30  INF  Request finished HTTP/2 GET https://localhost:7299/swagger/swagger-ui.css - - - 200 144929 text/css 3.0440ms
2024-01-15 19:50:41.252 +05:30  INF  Request starting HTTP/2 GET https://localhost:7299/_framework/aspnetcore-browser-refresh.js - -
2024-01-15 19:50:41.253 +05:30  INF  Request finished HTTP/2 GET https://localhost:7299/_framework/aspnetcore-browser-refresh.js - - - 200 12328 application/javascript;+charset=utf-8 0.2214ms
2024-01-15 19:50:41.344 +05:30  INF  Request starting HTTP/2 GET https://localhost:7299/swagger/v1/swagger.json - -
2024-01-15 19:50:41.355 +05:30  INF  Request finished HTTP/2 GET https://localhost:7299/swagger/v1/swagger.json - - - 200 - application/json;charset=utf-8 4.5458ms
2024-01-15 19:50:41.361 +05:30  INF  Request starting HTTP/2 GET https://localhost:7299/swagger/favicon-32x32.png - -
2024-01-15 19:50:41.362 +05:30  INF  Sending file. Request path: '/favicon-32x32.png'. Physical path: 'N/A'
2024-01-15 19:50:41.362 +05:30  INF  Request finished HTTP/2 GET https://localhost:7299/swagger/favicon-32x32.png - - - 200 628 image/png 1.2415ms
2024-01-15 19:50:41.515 +05:30  INF  Request starting HTTP/2 GET https://localhost:7299/swagger/v1/swagger.json - -
2024-01-15 19:50:41.519 +05:30  INF  Request finished HTTP/2 GET https://localhost:7299/swagger/v1/swagger.json - - - 200 - application/json;charset=utf-8 4.2894ms
2024-01-15 19:50:41.529 +05:30  INF  Request starting HTTP/2 GET https://localhost:7299/swagger/favicon-32x32.png - -
2024-01-15 19:50:41.529 +05:30  INF  Sending file. Request path: '/favicon-32x32.png'. Physical path: 'N/A'
2024-01-15 19:50:41.530 +05:30  INF  Request finished HTTP/2 GET https://localhost:7299/swagger/favicon-32x32.png - - - 200 628 image/png 1.0812ms
2024-01-15 19:50:42.321 +05:30  INF  Executed DbCommand (70ms) [Parameters=[@p0='?' (Size = 500) (DbType = AnsiString), @p1='?' (DbType = Date), @p2='?' (DbType = Int32), @p3='?' (DbType = Int32), @p4='?' (DbType = DateTime), @p5='?' (Size = 50) (DbType = AnsiString), @p6='?' (Size = 50) (DbType = AnsiString), @p7='?' (Size = 1) (DbType = AnsiString), @p8='?' (Size = 100) (DbType = AnsiString), @p9='?' (Size = 50) (DbType = AnsiString), @p10='?' (DbType = Boolean), @p11='?' (Size = 50) (DbType = AnsiString), @p12='?' (Size = 255) (DbType = AnsiString), @p13='?' (Precision = 10) (Scale = 2) (DbType = Decimal), @p14='?' (DbType = Int32), @p15='?' (Size = 6) (DbType = AnsiString)], CommandType='"Text"', CommandTimeout='30']
SET NOCOUNT ON;
INSERT INTO [Employee] ([Address], [BirthDate], [City], [Country], [Created], [Email], [FirstName], [Gender], [Hobbies], [LastName], [Marital Status], [Password], [Photo], [Salary], [State], [ZipCode])
VALUES (@p0, @p1, @p2, @p3, @p4, @p5, @p6, @p7, @p8, @p9, @p10, @p11, @p12, @p13, @p14, @p15);
SELECT [Id]
FROM [Employee]
WHERE @@ROWCOUNT = 1 AND [Id] = scope_identity();
2024-01-15 19:50:42.376 +05:30  INF  Data Added into the DataBase successfully.
2024-01-15 19:50:42.380 +05:30  INF  Executing ObjectResult, writing value of type 'System.String'.
2024-01-15 19:50:42.384 +05:30  INF  Executed action API.Controllers.EmployeeController.AddEmployee (API) in 2541.8814ms
2024-01-15 19:50:42.384 +05:30  INF  Executed endpoint 'API.Controllers.EmployeeController.AddEmployee (API)'
2024-01-15 19:50:42.388 +05:30  INF  Request finished HTTP/2 POST https://localhost:7299/api/Employee/AddEmployee multipart/form-data;+boundary=----WebKitFormBoundary1ICuBKhdAbed5GCc 7915 - 200 - text/plain;+charset=utf-8 2583.9050ms
2024-01-15 19:57:36.292 +05:30  INF  Application is shutting down...
2024-01-15 20:07:26.385 +05:30  INF  Now listening on: https://localhost:7299
2024-01-15 20:07:26.426 +05:30  INF  Now listening on: http://localhost:5244
2024-01-15 20:07:26.429 +05:30  INF  Application started. Press Ctrl+C to shut down.
2024-01-15 20:07:26.430 +05:30  INF  Hosting environment: Development
2024-01-15 20:07:26.430 +05:30  INF  Content root path: D:\Aayush\OnionArchitechtureDemo\API\
2024-01-15 20:07:34.379 +05:30  INF  Request starting HTTP/1.1 GET http://localhost:5244/swagger/index.html - -
2024-01-15 20:07:34.508 +05:30  INF  Request finished HTTP/1.1 GET http://localhost:5244/swagger/index.html - - - 200 - text/html;charset=utf-8 131.0171ms
2024-01-15 20:07:34.533 +05:30  INF  Request starting HTTP/1.1 GET http://localhost:5244/_framework/aspnetcore-browser-refresh.js - -
2024-01-15 20:07:34.536 +05:30  INF  Request finished HTTP/1.1 GET http://localhost:5244/_framework/aspnetcore-browser-refresh.js - - - 200 12328 application/javascript;+charset=utf-8 2.8779ms
2024-01-15 20:07:34.627 +05:30  INF  Request starting HTTP/1.1 GET http://localhost:5244/swagger/v1/swagger.json - -
2024-01-15 20:07:34.773 +05:30  INF  Request finished HTTP/1.1 GET http://localhost:5244/swagger/v1/swagger.json - - - 200 - application/json;charset=utf-8 146.2819ms
2024-01-15 20:07:36.230 +05:30  INF  Request starting HTTP/2 GET https://localhost:7299/swagger/index.html - -
2024-01-15 20:07:36.237 +05:30  INF  Request finished HTTP/2 GET https://localhost:7299/swagger/index.html - - - 200 - text/html;charset=utf-8 7.0368ms
2024-01-15 20:07:36.251 +05:30  INF  Request starting HTTP/2 GET https://localhost:7299/swagger/swagger-ui.css - -
2024-01-15 20:07:36.251 +05:30  INF  Request starting HTTP/2 GET https://localhost:7299/_framework/aspnetcore-browser-refresh.js - -
2024-01-15 20:07:36.254 +05:30  INF  Request finished HTTP/2 GET https://localhost:7299/_framework/aspnetcore-browser-refresh.js - - - 200 12328 application/javascript;+charset=utf-8 2.9361ms
2024-01-15 20:07:36.271 +05:30  INF  Sending file. Request path: '/swagger-ui.css'. Physical path: 'N/A'
2024-01-15 20:07:36.272 +05:30  INF  Request finished HTTP/2 GET https://localhost:7299/swagger/swagger-ui.css - - - 200 144929 text/css 20.9403ms
2024-01-15 20:07:36.350 +05:30  INF  Request starting HTTP/2 GET https://localhost:7299/swagger/v1/swagger.json - -
2024-01-15 20:07:36.359 +05:30  INF  Request starting HTTP/2 GET https://localhost:7299/swagger/favicon-32x32.png - -
2024-01-15 20:07:36.360 +05:30  INF  Sending file. Request path: '/favicon-32x32.png'. Physical path: 'N/A'
2024-01-15 20:07:36.361 +05:30  INF  Request finished HTTP/2 GET https://localhost:7299/swagger/favicon-32x32.png - - - 200 628 image/png 1.3918ms
2024-01-15 20:07:36.365 +05:30  INF  Request finished HTTP/2 GET https://localhost:7299/swagger/v1/swagger.json - - - 200 - application/json;charset=utf-8 15.0205ms
2024-01-15 20:07:41.426 +05:30  INF  Request starting HTTP/2 GET https://localhost:7299/api/Employee/GetAllEmployees - -
2024-01-15 20:07:41.432 +05:30  INF  Executing endpoint 'API.Controllers.EmployeeController.GetAllEmployees (API)'
2024-01-15 20:07:41.448 +05:30  INF  Route matched with {action = "GetAllEmployees", controller = "Employee"}. Executing controller action with signature System.Collections.Generic.IEnumerable`1[DataAccess.Models.Employee] GetAllEmployees() on controller API.Controllers.EmployeeController (API).
2024-01-15 20:07:41.951 +05:30  INF  Executed action API.Controllers.EmployeeController.GetAllEmployees (API) in 498.6498ms
2024-01-15 20:07:41.953 +05:30  INF  Executed endpoint 'API.Controllers.EmployeeController.GetAllEmployees (API)'
2024-01-15 20:07:41.957 +05:30  ERR  An unhandled exception has occurred while executing the request.System.ArgumentNullException: Value cannot be null. (Parameter 'connectionString')
   at Microsoft.EntityFrameworkCore.Utilities.Check.NotEmpty(String value, String parameterName)
   at Microsoft.EntityFrameworkCore.SqlServerDbContextOptionsExtensions.UseSqlServer(DbContextOptionsBuilder optionsBuilder, String connectionString, Action`1 sqlServerOptionsAction)
   at DataAccess.Models.EmployeeContext.OnConfiguring(DbContextOptionsBuilder optionsBuilder) in D:\Aayush\OnionArchitechtureDemo\DataAccess\Models\EmployeeContext.cs:line 31
   at Microsoft.EntityFrameworkCore.DbContext.get_ContextServices()
   at Microsoft.EntityFrameworkCore.DbContext.get_InternalServiceProvider()
   at Microsoft.EntityFrameworkCore.DbContext.get_DbContextDependencies()
   at Microsoft.EntityFrameworkCore.DbContext.Set[TEntity]()
   at DataAccess.DataActions.DataActionClass`1..ctor(EmployeeContext context, ILogger logger) in D:\Aayush\OnionArchitechtureDemo\DataAccess\DataActions\DataActionClass.cs:line 21
   at System.RuntimeMethodHandle.InvokeMethod(Object target, Span`1& arguments, Signature sig, Boolean constructor, Boolean wrapExceptions)
   at System.Reflection.RuntimeConstructorInfo.Invoke(BindingFlags invokeAttr, Binder binder, Object[] parameters, CultureInfo culture)
   at Microsoft.Extensions.DependencyInjection.ServiceLookup.CallSiteRuntimeResolver.VisitConstructor(ConstructorCallSite constructorCallSite, RuntimeResolverContext context)
   at Microsoft.Extensions.DependencyInjection.ServiceLookup.CallSiteRuntimeResolver.VisitCache(ServiceCallSite callSite, RuntimeResolverContext context, ServiceProviderEngineScope serviceProviderEngine, RuntimeResolverLock lockType)
   at Microsoft.Extensions.DependencyInjection.ServiceLookup.CallSiteRuntimeResolver.VisitScopeCache(ServiceCallSite callSite, RuntimeResolverContext context)
   at Microsoft.Extensions.DependencyInjection.ServiceLookup.CallSiteVisitor`2.VisitCallSite(ServiceCallSite callSite, TArgument argument)
   at Microsoft.Extensions.DependencyInjection.ServiceLookup.CallSiteRuntimeResolver.VisitConstructor(ConstructorCallSite constructorCallSite, RuntimeResolverContext context)
   at Microsoft.Extensions.DependencyInjection.ServiceLookup.CallSiteRuntimeResolver.VisitDisposeCache(ServiceCallSite transientCallSite, RuntimeResolverContext context)
   at Microsoft.Extensions.DependencyInjection.ServiceLookup.CallSiteVisitor`2.VisitCallSite(ServiceCallSite callSite, TArgument argument)
   at Microsoft.Extensions.DependencyInjection.ServiceLookup.CallSiteRuntimeResolver.Resolve(ServiceCallSite callSite, ServiceProviderEngineScope scope)
   at Microsoft.Extensions.DependencyInjection.ServiceLookup.DynamicServiceProviderEngine.<>c__DisplayClass2_0.<RealizeService>b__0(ServiceProviderEngineScope scope)
   at Microsoft.Extensions.DependencyInjection.ServiceProvider.GetService(Type serviceType, ServiceProviderEngineScope serviceProviderEngineScope)
   at Microsoft.Extensions.DependencyInjection.ServiceLookup.ServiceProviderEngineScope.GetService(Type serviceType)
   at Microsoft.Extensions.DependencyInjection.ActivatorUtilities.GetService(IServiceProvider sp, Type type, Type requiredBy, Boolean isDefaultParameterRequired)
   at lambda_method3(Closure , IServiceProvider , Object[] )
   at Microsoft.AspNetCore.Mvc.Controllers.ControllerActivatorProvider.<>c__DisplayClass7_0.<CreateActivator>b__0(ControllerContext controllerContext)
   at Microsoft.AspNetCore.Mvc.Controllers.ControllerFactoryProvider.<>c__DisplayClass6_0.<CreateControllerFactory>g__CreateController|0(ControllerContext controllerContext)
   at Microsoft.AspNetCore.Mvc.Infrastructure.ControllerActionInvoker.Next(State& next, Scope& scope, Object& state, Boolean& isCompleted)
   at Microsoft.AspNetCore.Mvc.Infrastructure.ControllerActionInvoker.InvokeInnerFilterAsync()
--- End of stack trace from previous location ---
   at Microsoft.AspNetCore.Mvc.Infrastructure.ResourceInvoker.<InvokeFilterPipelineAsync>g__Awaited|20_0(ResourceInvoker invoker, Task lastTask, State next, Scope scope, Object state, Boolean isCompleted)
   at Microsoft.AspNetCore.Mvc.Infrastructure.ResourceInvoker.<InvokeAsync>g__Logged|17_1(ResourceInvoker invoker)
   at Microsoft.AspNetCore.Mvc.Infrastructure.ResourceInvoker.<InvokeAsync>g__Logged|17_1(ResourceInvoker invoker)
   at Microsoft.AspNetCore.Routing.EndpointMiddleware.<Invoke>g__AwaitRequestTask|6_0(Endpoint endpoint, Task requestTask, ILogger logger)
   at Microsoft.AspNetCore.Authorization.AuthorizationMiddleware.Invoke(HttpContext context)
   at Swashbuckle.AspNetCore.SwaggerUI.SwaggerUIMiddleware.Invoke(HttpContext httpContext)
   at Swashbuckle.AspNetCore.Swagger.SwaggerMiddleware.Invoke(HttpContext httpContext, ISwaggerProvider swaggerProvider)
   at Microsoft.AspNetCore.Diagnostics.DeveloperExceptionPageMiddleware.Invoke(HttpContext context)

2024-01-15 20:07:41.996 +05:30  INF  Request finished HTTP/2 GET https://localhost:7299/api/Employee/GetAllEmployees - - - 500 - text/plain;+charset=utf-8 569.5046ms
2024-01-15 20:08:57.579 +05:30  INF  Request starting HTTP/2 GET https://localhost:7299/swagger/index.html - -
2024-01-15 20:08:57.582 +05:30  INF  Request starting HTTP/1.1 GET http://localhost:5244/swagger/index.html - -
2024-01-15 20:08:57.589 +05:30  INF  Request finished HTTP/2 GET https://localhost:7299/swagger/index.html - - - 200 - text/html;charset=utf-8 9.5054ms
2024-01-15 20:08:57.590 +05:30  INF  Request finished HTTP/1.1 GET http://localhost:5244/swagger/index.html - - - 200 - text/html;charset=utf-8 8.1764ms
2024-01-15 20:08:57.613 +05:30  INF  Request starting HTTP/2 GET https://localhost:7299/_framework/aspnetcore-browser-refresh.js - -
2024-01-15 20:08:57.613 +05:30  INF  Request starting HTTP/2 GET https://localhost:7299/swagger/swagger-ui.css - -
2024-01-15 20:08:57.627 +05:30  INF  Request finished HTTP/2 GET https://localhost:7299/_framework/aspnetcore-browser-refresh.js - - - 200 12328 application/javascript;+charset=utf-8 13.7686ms
2024-01-15 20:08:57.627 +05:30  INF  Sending file. Request path: '/swagger-ui.css'. Physical path: 'N/A'
2024-01-15 20:08:57.629 +05:30  INF  Request finished HTTP/2 GET https://localhost:7299/swagger/swagger-ui.css - - - 200 144929 text/css 15.6359ms
2024-01-15 20:08:57.650 +05:30  INF  Request starting HTTP/1.1 GET http://localhost:5244/_framework/aspnetcore-browser-refresh.js - -
2024-01-15 20:08:57.650 +05:30  INF  Request finished HTTP/1.1 GET http://localhost:5244/_framework/aspnetcore-browser-refresh.js - - - 200 12328 application/javascript;+charset=utf-8 0.4655ms
2024-01-15 20:08:57.750 +05:30  INF  Request starting HTTP/2 GET https://localhost:7299/swagger/v1/swagger.json - -
2024-01-15 20:08:57.768 +05:30  INF  Request finished HTTP/2 GET https://localhost:7299/swagger/v1/swagger.json - - - 200 - application/json;charset=utf-8 17.6933ms
2024-01-15 20:08:57.774 +05:30  INF  Request starting HTTP/2 GET https://localhost:7299/swagger/favicon-32x32.png - -
2024-01-15 20:08:57.777 +05:30  INF  Sending file. Request path: '/favicon-32x32.png'. Physical path: 'N/A'
2024-01-15 20:08:57.778 +05:30  INF  Request finished HTTP/2 GET https://localhost:7299/swagger/favicon-32x32.png - - - 200 628 image/png 2.9888ms
2024-01-15 20:08:58.149 +05:30  INF  Request starting HTTP/1.1 GET http://localhost:5244/swagger/v1/swagger.json - -
2024-01-15 20:08:58.156 +05:30  INF  Request finished HTTP/1.1 GET http://localhost:5244/swagger/v1/swagger.json - - - 200 - application/json;charset=utf-8 6.4640ms
2024-01-15 20:09:03.264 +05:30  INF  Request starting HTTP/2 GET https://localhost:7299/api/Employee/GetAllEmployees - -
2024-01-15 20:09:03.265 +05:30  INF  Executing endpoint 'API.Controllers.EmployeeController.GetAllEmployees (API)'
2024-01-15 20:09:03.266 +05:30  INF  Route matched with {action = "GetAllEmployees", controller = "Employee"}. Executing controller action with signature System.Collections.Generic.IEnumerable`1[DataAccess.Models.Employee] GetAllEmployees() on controller API.Controllers.EmployeeController (API).
2024-01-15 20:09:04.001 +05:30  INF  Entity Framework Core 6.0.0 initialized 'EmployeeContext' using provider 'Microsoft.EntityFrameworkCore.SqlServer:6.0.0' with options: None
2024-01-15 20:09:05.759 +05:30  INF  Executed DbCommand (21ms) [Parameters=[], CommandType='"Text"', CommandTimeout='30']
SELECT [e].[Id], [e].[Address], [e].[BirthDate], [e].[City], [e].[Country], [e].[Created], [e].[Email], [e].[FirstName], [e].[Gender], [e].[Hobbies], [e].[LastName], [e].[Marital Status], [e].[Password], [e].[Photo], [e].[Salary], [e].[State], [e].[ZipCode]
FROM [Employee] AS [e]
2024-01-15 20:09:05.859 +05:30  INF  Executing ObjectResult, writing value of type 'System.Collections.Generic.List`1[[DataAccess.Models.Employee, DataAccess, Version=1.0.0.0, Culture=neutral, PublicKeyToken=null]]'.
2024-01-15 20:09:05.875 +05:30  INF  Executed action API.Controllers.EmployeeController.GetAllEmployees (API) in 2608.2094ms
2024-01-15 20:09:05.875 +05:30  INF  Executed endpoint 'API.Controllers.EmployeeController.GetAllEmployees (API)'
2024-01-15 20:09:05.878 +05:30  INF  Request finished HTTP/2 GET https://localhost:7299/api/Employee/GetAllEmployees - - - 200 - application/json;+charset=utf-8 2613.7549ms
2024-01-15 20:09:18.937 +05:30  INF  Request starting HTTP/2 GET https://localhost:7299/api/Employee/GetEmployeeById?id=1 - -
2024-01-15 20:09:18.940 +05:30  INF  Executing endpoint 'API.Controllers.EmployeeController.GetEmployeeById (API)'
2024-01-15 20:09:18.952 +05:30  INF  Route matched with {action = "GetEmployeeById", controller = "Employee"}. Executing controller action with signature DataAccess.Models.Employee GetEmployeeById(Int32) on controller API.Controllers.EmployeeController (API).
2024-01-15 20:09:19.000 +05:30  INF  Entity Framework Core 6.0.0 initialized 'EmployeeContext' using provider 'Microsoft.EntityFrameworkCore.SqlServer:6.0.0' with options: None
2024-01-15 20:09:19.163 +05:30  INF  Executed DbCommand (65ms) [Parameters=[@__id_0='?' (DbType = Int32)], CommandType='"Text"', CommandTimeout='30']
SELECT TOP(1) [e].[Id], [e].[Address], [e].[BirthDate], [e].[City], [e].[Country], [e].[Created], [e].[Email], [e].[FirstName], [e].[Gender], [e].[Hobbies], [e].[LastName], [e].[Marital Status], [e].[Password], [e].[Photo], [e].[Salary], [e].[State], [e].[ZipCode]
FROM [Employee] AS [e]
WHERE [e].[Id] = @__id_0
2024-01-15 20:09:19.165 +05:30  INF  Executing ObjectResult, writing value of type 'DataAccess.Models.Employee'.
2024-01-15 20:09:19.166 +05:30  INF  Executed action API.Controllers.EmployeeController.GetEmployeeById (API) in 213.3485ms
2024-01-15 20:09:19.166 +05:30  INF  Executed endpoint 'API.Controllers.EmployeeController.GetEmployeeById (API)'
2024-01-15 20:09:19.166 +05:30  INF  Request finished HTTP/2 GET https://localhost:7299/api/Employee/GetEmployeeById?id=1 - - - 200 - application/json;+charset=utf-8 229.0572ms
2024-01-15 20:11:27.989 +05:30  INF  Application is shutting down...
